<?xml version="1.0" encoding="UTF-8"?>
<!-- Generated by org.testng.reporters.JUnitXMLReporter -->
<testsuite hostname="Kavuris-MBP" name="Default test(failed)" tests="1" failures="1" timestamp="6 Mar 2018 12:21:10 GMT" time="14.484" errors="0">
  <testcase name="logintest" time="0.467" classname="com.crm.qa.testcases.LoginPageTest">
    <failure type="org.openqa.selenium.InvalidSelectorException" message="Given css selector expression &amp;quot;*[name=&amp;apos;//input[@type=&amp;apos;submit&amp;apos;]&amp;apos;]&amp;quot; is invalid: InvalidSelectorError: &amp;apos;*[name=&amp;apos;//input[@type=&amp;apos;submit&amp;apos;]&amp;apos;]&amp;apos; is not a valid selector: &amp;quot;*[name=&amp;apos;//input[@type=&amp;apos;submit&amp;apos;]&amp;apos;]&amp;quot;
For documentation on this error, please visit: http://seleniumhq.org/exceptions/invalid_selector_exception.html
Build info: version: &amp;apos;3.9.1&amp;apos;, revision: &amp;apos;63f7b50&amp;apos;, time: &amp;apos;2018-02-07T22:25:02.294Z&amp;apos;
System info: host: &amp;apos;Kavuris-MBP&amp;apos;, ip: &amp;apos;2a02:c7d:769a:a300:ae:ec27:a90a:2a0d&amp;apos;, os.name: &amp;apos;Mac OS X&amp;apos;, os.arch: &amp;apos;x86_64&amp;apos;, os.version: &amp;apos;10.13.3&amp;apos;, java.version: &amp;apos;1.8.0_151&amp;apos;
Driver info: org.openqa.selenium.firefox.FirefoxDriver
Capabilities {acceptInsecureCerts: true, browserName: firefox, browserVersion: 58.0.2, javascriptEnabled: true, moz:accessibilityChecks: false, moz:headless: false, moz:processID: 29141, moz:profile: /var/folders/tn/34znbgnn263..., moz:webdriverClick: true, pageLoadStrategy: normal, platform: MAC, platformName: MAC, platformVersion: 17.4.0, rotatable: false, timeouts: {implicit: 0, pageLoad: 300000, script: 30000}}
Session ID: 46cbbdc9-d4e8-e04c-bd69-3f27d02959c0
*** Element info: {Using=name, value=//input[@type=&amp;apos;submit&amp;apos;]}">
      <![CDATA[org.openqa.selenium.InvalidSelectorException: Given css selector expression "*[name='//input[@type='submit']']" is invalid: InvalidSelectorError: '*[name='//input[@type='submit']']' is not a valid selector: "*[name='//input[@type='submit']']"
For documentation on this error, please visit: http://seleniumhq.org/exceptions/invalid_selector_exception.html
Build info: version: '3.9.1', revision: '63f7b50', time: '2018-02-07T22:25:02.294Z'
System info: host: 'Kavuris-MBP', ip: '2a02:c7d:769a:a300:ae:ec27:a90a:2a0d', os.name: 'Mac OS X', os.arch: 'x86_64', os.version: '10.13.3', java.version: '1.8.0_151'
Driver info: org.openqa.selenium.firefox.FirefoxDriver
Capabilities {acceptInsecureCerts: true, browserName: firefox, browserVersion: 58.0.2, javascriptEnabled: true, moz:accessibilityChecks: false, moz:headless: false, moz:processID: 29141, moz:profile: /var/folders/tn/34znbgnn263..., moz:webdriverClick: true, pageLoadStrategy: normal, platform: MAC, platformName: MAC, platformVersion: 17.4.0, rotatable: false, timeouts: {implicit: 0, pageLoad: 300000, script: 30000}}
Session ID: 46cbbdc9-d4e8-e04c-bd69-3f27d02959c0
*** Element info: {Using=name, value=//input[@type='submit']}
	at org.openqa.selenium.remote.http.W3CHttpResponseCodec.createException(W3CHttpResponseCodec.java:187)
	at org.openqa.selenium.remote.http.W3CHttpResponseCodec.decode(W3CHttpResponseCodec.java:122)
	at org.openqa.selenium.remote.http.W3CHttpResponseCodec.decode(W3CHttpResponseCodec.java:49)
	at org.openqa.selenium.remote.HttpCommandExecutor.execute(HttpCommandExecutor.java:160)
	at org.openqa.selenium.remote.service.DriverCommandExecutor.execute(DriverCommandExecutor.java:83)
	at org.openqa.selenium.remote.RemoteWebDriver.execute(RemoteWebDriver.java:601)
	at org.openqa.selenium.remote.RemoteWebDriver.findElement(RemoteWebDriver.java:371)
	at org.openqa.selenium.remote.RemoteWebDriver.findElementByName(RemoteWebDriver.java:449)
	at org.openqa.selenium.By$ByName.findElement(By.java:303)
	at org.openqa.selenium.remote.RemoteWebDriver.findElement(RemoteWebDriver.java:363)
	at org.openqa.selenium.support.pagefactory.DefaultElementLocator.findElement(DefaultElementLocator.java:69)
	at org.openqa.selenium.support.pagefactory.internal.LocatingElementHandler.invoke(LocatingElementHandler.java:38)
	at com.sun.proxy.$Proxy9.click(Unknown Source)
	at com.crm.qa.pages.LoginPage.login(LoginPage.java:45)
	at com.crm.qa.testcases.LoginPageTest.logintest(LoginPageTest.java:47)
... Removed 28 stack frames]]>
    </failure>
  </testcase> <!-- logintest -->
</testsuite> <!-- Default test(failed) -->
